This file contains any messages produced by compilers while
running configure, to aid debugging if configure makes a mistake.

It was created by evtest configure 1.25, which was
generated by GNU Autoconf 2.69.  Invocation command line was

  $ ./configure --no-create --no-recursion

## --------- ##
## Platform. ##
## --------- ##

hostname = T60
uname -m = i686
uname -r = 3.5.0-19-generic
uname -s = Linux
uname -v = #30-Ubuntu SMP Tue Nov 13 17:49:53 UTC 2012

/usr/bin/uname -p = unknown
/bin/uname -X     = unknown

/bin/arch              = unknown
/usr/bin/arch -k       = unknown
/usr/convex/getsysinfo = unknown
/usr/bin/hostinfo      = unknown
/bin/machine           = unknown
/usr/bin/oslevel       = unknown
/bin/universe          = unknown

PATH: /home/george/.rbenv/shims
PATH: /home/george/.rbenv/bin
PATH: /home/george/bin
PATH: /usr/lib/lightdm/lightdm
PATH: /usr/local/sbin
PATH: /usr/local/bin
PATH: /usr/sbin
PATH: /usr/bin
PATH: /sbin
PATH: /bin
PATH: /usr/games
PATH: /home/george/bin
PATH: /usr/bin
PATH: /home/george/.oh_my_zsh
PATH: /home/george/Dropbox/bin
PATH: /home/george/arm-cs-tools/bin/


## ----------- ##
## Core tests. ##
## ----------- ##

configure:1849: checking for a BSD-compatible install
configure:1917: result: /usr/bin/install -c
configure:1928: checking whether build environment is sane
configure:1978: result: yes
configure:2119: checking for a thread-safe mkdir -p
configure:2158: result: /bin/mkdir -p
configure:2171: checking for gawk
configure:2201: result: no
configure:2171: checking for mawk
configure:2187: found /usr/bin/mawk
configure:2198: result: mawk
configure:2209: checking whether make sets $(MAKE)
configure:2231: result: yes
configure:2362: checking for gcc
configure:2378: found /usr/bin/gcc
configure:2389: result: gcc
configure:2618: checking for C compiler version
configure:2627: gcc --version >&5
gcc (Ubuntu/Linaro 4.7.2-2ubuntu1) 4.7.2
Copyright (C) 2012 Free Software Foundation, Inc.
This is free software; see the source for copying conditions.  There is NO
warranty; not even for MERCHANTABILITY or FITNESS FOR A PARTICULAR PURPOSE.

configure:2638: $? = 0
configure:2627: gcc -v >&5
Using built-in specs.
COLLECT_GCC=gcc
COLLECT_LTO_WRAPPER=/usr/lib/gcc/i686-linux-gnu/4.7/lto-wrapper
Target: i686-linux-gnu
Configured with: ../src/configure -v --with-pkgversion='Ubuntu/Linaro 4.7.2-2ubuntu1' --with-bugurl=file:///usr/share/doc/gcc-4.7/README.Bugs --enable-languages=c,c++,go,fortran,objc,obj-c++ --prefix=/usr --program-suffix=-4.7 --enable-shared --enable-linker-build-id --with-system-zlib --libexecdir=/usr/lib --without-included-gettext --enable-threads=posix --with-gxx-include-dir=/usr/include/c++/4.7 --libdir=/usr/lib --enable-nls --with-sysroot=/ --enable-clocale=gnu --enable-libstdcxx-debug --enable-libstdcxx-time=yes --enable-gnu-unique-object --enable-plugin --enable-objc-gc --enable-targets=all --disable-werror --with-arch-32=i686 --with-tune=generic --enable-checking=release --build=i686-linux-gnu --host=i686-linux-gnu --target=i686-linux-gnu
Thread model: posix
gcc version 4.7.2 (Ubuntu/Linaro 4.7.2-2ubuntu1) 
configure:2638: $? = 0
configure:2627: gcc -V >&5
gcc: error: unrecognized command line option '-V'
gcc: fatal error: no input files
compilation terminated.
configure:2638: $? = 4
configure:2627: gcc -qversion >&5
gcc: error: unrecognized command line option '-qversion'
gcc: fatal error: no input files
compilation terminated.
configure:2638: $? = 4
configure:2658: checking whether the C compiler works
configure:2680: gcc    conftest.c  >&5
configure:2684: $? = 0
configure:2732: result: yes
configure:2735: checking for C compiler default output file name
configure:2737: result: a.out
configure:2743: checking for suffix of executables
configure:2750: gcc -o conftest    conftest.c  >&5
configure:2754: $? = 0
configure:2776: result: 
configure:2798: checking whether we are cross compiling
configure:2806: gcc -o conftest    conftest.c  >&5
configure:2810: $? = 0
configure:2817: ./conftest
configure:2821: $? = 0
configure:2836: result: no
configure:2841: checking for suffix of object files
configure:2863: gcc -c   conftest.c >&5
configure:2867: $? = 0
configure:2888: result: o
configure:2892: checking whether we are using the GNU C compiler
configure:2911: gcc -c   conftest.c >&5
configure:2911: $? = 0
configure:2920: result: yes
configure:2929: checking whether gcc accepts -g
configure:2949: gcc -c -g  conftest.c >&5
configure:2949: $? = 0
configure:2990: result: yes
configure:3007: checking for gcc option to accept ISO C89
configure:3070: gcc  -c -g -O2  conftest.c >&5
configure:3070: $? = 0
configure:3083: result: none needed
configure:3114: checking for style of include used by make
configure:3142: result: GNU
configure:3168: checking dependency style of gcc
configure:3279: result: gcc3
configure:3350: checking for pkg-config
configure:3368: found /usr/bin/pkg-config
configure:3380: result: /usr/bin/pkg-config
configure:3405: checking pkg-config is at least version 0.9.0
configure:3408: result: yes
configure:3418: checking for XML
configure:3425: $PKG_CONFIG --exists --print-errors "libxml-2.0"
Package libxml-2.0 was not found in the pkg-config search path.
Perhaps you should add the directory containing `libxml-2.0.pc'
to the PKG_CONFIG_PATH environment variable
No package 'libxml-2.0' found
configure:3428: $? = 1
configure:3442: $PKG_CONFIG --exists --print-errors "libxml-2.0"
Package libxml-2.0 was not found in the pkg-config search path.
Perhaps you should add the directory containing `libxml-2.0.pc'
to the PKG_CONFIG_PATH environment variable
No package 'libxml-2.0' found
configure:3445: $? = 1
configure:3459: result: no
No package 'libxml-2.0' found
configure:3488: WARNING: libxml headers not available. Cannot build evtest-capture.
configure:3502: checking for xsltproc
configure:3535: result: no
configure:3549: WARNING: xsltproc not found, needed to generate devices.
configure:3556: checking for xmlto
configure:3589: result: no
configure:3597: checking for asciidoc
configure:3630: result: no
configure:3644: WARNING: xmlto or asciidoc not found - cannot create man pages without it
configure:3792: creating ./config.status

## ---------------- ##
## Cache variables. ##
## ---------------- ##

ac_cv_c_compiler_gnu=yes
ac_cv_env_ASCIIDOC_set=
ac_cv_env_ASCIIDOC_value=
ac_cv_env_CC_set=
ac_cv_env_CC_value=
ac_cv_env_CFLAGS_set=
ac_cv_env_CFLAGS_value=
ac_cv_env_CPPFLAGS_set=
ac_cv_env_CPPFLAGS_value=
ac_cv_env_LDFLAGS_set=
ac_cv_env_LDFLAGS_value=
ac_cv_env_LIBS_set=
ac_cv_env_LIBS_value=
ac_cv_env_PKG_CONFIG_LIBDIR_set=
ac_cv_env_PKG_CONFIG_LIBDIR_value=
ac_cv_env_PKG_CONFIG_PATH_set=
ac_cv_env_PKG_CONFIG_PATH_value=
ac_cv_env_PKG_CONFIG_set=
ac_cv_env_PKG_CONFIG_value=
ac_cv_env_XMLTO_set=
ac_cv_env_XMLTO_value=
ac_cv_env_XML_CFLAGS_set=
ac_cv_env_XML_CFLAGS_value=
ac_cv_env_XML_LIBS_set=
ac_cv_env_XML_LIBS_value=
ac_cv_env_build_alias_set=
ac_cv_env_build_alias_value=
ac_cv_env_host_alias_set=
ac_cv_env_host_alias_value=
ac_cv_env_target_alias_set=
ac_cv_env_target_alias_value=
ac_cv_objext=o
ac_cv_path_ac_pt_PKG_CONFIG=/usr/bin/pkg-config
ac_cv_path_install='/usr/bin/install -c'
ac_cv_path_mkdir=/bin/mkdir
ac_cv_prog_AWK=mawk
ac_cv_prog_ac_ct_CC=gcc
ac_cv_prog_cc_c89=
ac_cv_prog_cc_g=yes
ac_cv_prog_make_make_set=yes
am_cv_CC_dependencies_compiler_type=gcc3

## ----------------- ##
## Output variables. ##
## ----------------- ##

ACLOCAL='${SHELL} /home/george/workspace/evtest/missing --run aclocal-1.11'
AMDEPBACKSLASH='\'
AMDEP_FALSE='#'
AMDEP_TRUE=''
AMTAR='$${TAR-tar}'
ASCIIDOC=''
AUTOCONF='${SHELL} /home/george/workspace/evtest/missing --run autoconf'
AUTOHEADER='${SHELL} /home/george/workspace/evtest/missing --run autoheader'
AUTOMAKE='${SHELL} /home/george/workspace/evtest/missing --run automake-1.11'
AWK='mawk'
CC='gcc'
CCDEPMODE='depmode=gcc3'
CFLAGS='-g -O2'
CPPFLAGS=''
CYGPATH_W='echo'
DEFS='-DHAVE_CONFIG_H'
DEPDIR='.deps'
ECHO_C=''
ECHO_N='-n'
ECHO_T=''
EXEEXT=''
HAVE_DOCTOOLS_FALSE=''
HAVE_DOCTOOLS_TRUE='#'
HAVE_LIBXML_FALSE=''
HAVE_LIBXML_TRUE='#'
HAVE_XSLTPROC_FALSE=''
HAVE_XSLTPROC_TRUE='#'
INSTALL_DATA='${INSTALL} -m 644'
INSTALL_PROGRAM='${INSTALL}'
INSTALL_SCRIPT='${INSTALL}'
INSTALL_STRIP_PROGRAM='$(install_sh) -c -s'
LDFLAGS=''
LIBOBJS=''
LIBS=''
LTLIBOBJS=''
MAKEINFO='${SHELL} /home/george/workspace/evtest/missing --run makeinfo'
MKDIR_P='/bin/mkdir -p'
OBJEXT='o'
PACKAGE='evtest'
PACKAGE_BUGREPORT=''
PACKAGE_NAME='evtest'
PACKAGE_STRING='evtest 1.25'
PACKAGE_TARNAME='evtest'
PACKAGE_URL=''
PACKAGE_VERSION='1.25'
PATH_SEPARATOR=':'
PKG_CONFIG='/usr/bin/pkg-config'
PKG_CONFIG_LIBDIR=''
PKG_CONFIG_PATH=''
SET_MAKE=''
SHELL='/bin/bash'
STRIP=''
VERSION='1.25'
XMLTO=''
XML_CFLAGS=''
XML_LIBS=''
XSLTPROC=''
ac_ct_CC='gcc'
am__EXEEXT_FALSE=''
am__EXEEXT_TRUE='#'
am__fastdepCC_FALSE='#'
am__fastdepCC_TRUE=''
am__include='include'
am__isrc=''
am__leading_dot='.'
am__nodep='_no'
am__quote=''
am__tar='$${TAR-tar} chof - "$$tardir"'
am__untar='$${TAR-tar} xf -'
bindir='${exec_prefix}/bin'
build_alias=''
datadir='${datarootdir}'
datarootdir='${prefix}/share'
docdir='${datarootdir}/doc/${PACKAGE_TARNAME}'
dvidir='${docdir}'
exec_prefix='${prefix}'
host_alias=''
htmldir='${docdir}'
includedir='${prefix}/include'
infodir='${datarootdir}/info'
install_sh='${SHELL} /home/george/workspace/evtest/install-sh'
libdir='${exec_prefix}/lib'
libexecdir='${exec_prefix}/libexec'
localedir='${datarootdir}/locale'
localstatedir='${prefix}/var'
mandir='${datarootdir}/man'
mkdir_p='/bin/mkdir -p'
oldincludedir='/usr/include'
pdfdir='${docdir}'
prefix='/usr/local'
program_transform_name='s,x,x,'
psdir='${docdir}'
sbindir='${exec_prefix}/sbin'
sharedstatedir='${prefix}/com'
sysconfdir='${prefix}/etc'
target_alias=''

## ----------- ##
## confdefs.h. ##
## ----------- ##

/* confdefs.h */
#define PACKAGE_NAME "evtest"
#define PACKAGE_TARNAME "evtest"
#define PACKAGE_VERSION "1.25"
#define PACKAGE_STRING "evtest 1.25"
#define PACKAGE_BUGREPORT ""
#define PACKAGE_URL ""
#define PACKAGE "evtest"
#define VERSION "1.25"

configure: exit 0

## ---------------------- ##
## Running config.status. ##
## ---------------------- ##

This file was extended by evtest config.status 1.25, which was
generated by GNU Autoconf 2.69.  Invocation command line was

  CONFIG_FILES    = 
  CONFIG_HEADERS  = 
  CONFIG_LINKS    = 
  CONFIG_COMMANDS = 
  $ ./config.status 

on T60

config.status:849: creating Makefile
config.status:849: creating config.h
config.status:1030: config.h is unchanged
config.status:1078: executing depfiles commands

## ---------------------- ##
## Running config.status. ##
## ---------------------- ##

This file was extended by evtest config.status 1.25, which was
generated by GNU Autoconf 2.69.  Invocation command line was

  CONFIG_FILES    = 
  CONFIG_HEADERS  = 
  CONFIG_LINKS    = 
  CONFIG_COMMANDS = 
  $ ./config.status config.h

on T60

config.status:849: creating config.h
config.status:1030: config.h is unchanged
